# JRE version: Java(TM) SE Runtime Environment (8.0_271-b09) (build 1.8.0_271-b09)
# Java VM: Java HotSpot(TM) 64-Bit Server VM (25.271-b09 mixed mode windows-amd64 compressed oops)
Heap:
 PSYoungGen      total 582656K, used 476317K [0x00000000d5580000, 0x0000000100000000, 0x0000000100000000)
  eden space 473088K, 86% used [0x00000000d5580000,0x00000000ee440d80,0x00000000f2380000)
  from space 109568K, 62% used [0x00000000f2380000,0x00000000f65e67e8,0x00000000f8e80000)
  to   space 111616K, 0% used [0x00000000f9300000,0x00000000f9300000,0x0000000100000000)
 ParOldGen       total 665600K, used 89463K [0x0000000080000000, 0x00000000a8a00000, 0x00000000d5580000)
  object space 665600K, 13% used [0x0000000080000000,0x000000008575ddd8,0x00000000a8a00000)
 Metaspace       used 144822K, capacity 156226K, committed 165672K, reserved 1191936K
  class space    used 18523K, capacity 20600K, committed 22320K, reserved 1048576K
GC Heap History (10 events):
Event: 5214.332 GC heap before
{Heap before GC invocations=83 (full 6):
 PSYoungGen      total 542720K, used 475689K [0x00000000d5580000, 0x00000000fe880000, 0x0000000100000000)
  eden space 415744K, 100% used [0x00000000d5580000,0x00000000eeb80000,0x00000000eeb80000)
  from space 126976K, 47% used [0x00000000f6c80000,0x00000000fa70a630,0x00000000fe880000)
  to   space 129536K, 0% used [0x00000000eeb80000,0x00000000eeb80000,0x00000000f6a00000)
 ParOldGen       total 665600K, used 84244K [0x0000000080000000, 0x00000000a8a00000, 0x00000000d5580000)
  object space 665600K, 12% used [0x0000000080000000,0x00000000852450a0,0x00000000a8a00000)
 Metaspace       used 141867K, capacity 152948K, committed 165416K, reserved 1191936K
  class space    used 18117K, capacity 20083K, committed 22320K, reserved 1048576K
Event: 5214.359 GC heap after
Heap after GC invocations=83 (full 6):
 PSYoungGen      total 545280K, used 50176K [0x00000000d5580000, 0x00000000ff080000, 0x0000000100000000)
  eden space 415744K, 0% used [0x00000000d5580000,0x00000000d5580000,0x00000000eeb80000)
  from space 129536K, 38% used [0x00000000eeb80000,0x00000000f1c803a0,0x00000000f6a00000)
  to   space 120320K, 0% used [0x00000000f7b00000,0x00000000f7b00000,0x00000000ff080000)
 ParOldGen       total 665600K, used 85291K [0x0000000080000000, 0x00000000a8a00000, 0x00000000d5580000)
  object space 665600K, 12% used [0x0000000080000000,0x000000008534ac00,0x00000000a8a00000)
 Metaspace       used 141867K, capacity 152948K, committed 165416K, reserved 1191936K
  class space    used 18117K, capacity 20083K, committed 22320K, reserved 1048576K
}
Event: 5215.276 GC heap before
{Heap before GC invocations=84 (full 6):
 PSYoungGen      total 545280K, used 465920K [0x00000000d5580000, 0x00000000ff080000, 0x0000000100000000)
  eden space 415744K, 100% used [0x00000000d5580000,0x00000000eeb80000,0x00000000eeb80000)
  from space 129536K, 38% used [0x00000000eeb80000,0x00000000f1c803a0,0x00000000f6a00000)
  to   space 120320K, 0% used [0x00000000f7b00000,0x00000000f7b00000,0x00000000ff080000)
 ParOldGen       total 665600K, used 85291K [0x0000000080000000, 0x00000000a8a00000, 0x00000000d5580000)
  object space 665600K, 12% used [0x0000000080000000,0x000000008534ac00,0x00000000a8a00000)
 Metaspace       used 141920K, capacity 153024K, committed 165416K, reserved 1191936K
  class space    used 18128K, capacity 20099K, committed 22320K, reserved 1048576K
Event: 5215.300 GC heap after
Heap after GC invocations=84 (full 6):
 PSYoungGen      total 561664K, used 47637K [0x00000000d5580000, 0x00000000fe900000, 0x0000000100000000)
  eden space 449024K, 0% used [0x00000000d5580000,0x00000000d5580000,0x00000000f0c00000)
  from space 112640K, 42% used [0x00000000f7b00000,0x00000000fa9856b8,0x00000000fe900000)
  to   space 113152K, 0% used [0x00000000f0c00000,0x00000000f0c00000,0x00000000f7a80000)
 ParOldGen       total 665600K, used 86035K [0x0000000080000000, 0x00000000a8a00000, 0x00000000d5580000)
  object space 665600K, 12% used [0x0000000080000000,0x0000000085404c40,0x00000000a8a00000)
 Metaspace       used 141920K, capacity 153024K, committed 165416K, reserved 1191936K
  class space    used 18128K, capacity 20099K, committed 22320K, reserved 1048576K
}
Event: 5216.718 GC heap before
{Heap before GC invocations=85 (full 6):
 PSYoungGen      total 561664K, used 496661K [0x00000000d5580000, 0x00000000fe900000, 0x0000000100000000)
  eden space 449024K, 100% used [0x00000000d5580000,0x00000000f0c00000,0x00000000f0c00000)
  from space 112640K, 42% used [0x00000000f7b00000,0x00000000fa9856b8,0x00000000fe900000)
  to   space 113152K, 0% used [0x00000000f0c00000,0x00000000f0c00000,0x00000000f7a80000)
 ParOldGen       total 665600K, used 86035K [0x0000000080000000, 0x00000000a8a00000, 0x00000000d5580000)
  object space 665600K, 12% used [0x0000000080000000,0x0000000085404c40,0x00000000a8a00000)
 Metaspace       used 141925K, capacity 153024K, committed 165416K, reserved 1191936K
  class space    used 18128K, capacity 20099K, committed 22320K, reserved 1048576K
Event: 5216.745 GC heap after
Heap after GC invocations=85 (full 6):
 PSYoungGen      total 562176K, used 55362K [0x00000000d5580000, 0x00000000ff980000, 0x0000000100000000)
  eden space 449024K, 0% used [0x00000000d5580000,0x00000000d5580000,0x00000000f0c00000)
  from space 113152K, 48% used [0x00000000f0c00000,0x00000000f4210890,0x00000000f7a80000)
  to   space 109568K, 0% used [0x00000000f8e80000,0x00000000f8e80000,0x00000000ff980000)
 ParOldGen       total 665600K, used 86091K [0x0000000080000000, 0x00000000a8a00000, 0x00000000d5580000)
  object space 665600K, 12% used [0x0000000080000000,0x0000000085412c40,0x00000000a8a00000)
 Metaspace       used 141925K, capacity 153024K, committed 165416K, reserved 1191936K
  class space    used 18128K, capacity 20099K, committed 22320K, reserved 1048576K
}
Event: 5225.065 GC heap before
{Heap before GC invocations=86 (full 6):
 PSYoungGen      total 562176K, used 504386K [0x00000000d5580000, 0x00000000ff980000, 0x0000000100000000)
  eden space 449024K, 100% used [0x00000000d5580000,0x00000000f0c00000,0x00000000f0c00000)
  from space 113152K, 48% used [0x00000000f0c00000,0x00000000f4210890,0x00000000f7a80000)
  to   space 109568K, 0% used [0x00000000f8e80000,0x00000000f8e80000,0x00000000ff980000)
 ParOldGen       total 665600K, used 86091K [0x0000000080000000, 0x00000000a8a00000, 0x00000000d5580000)
  object space 665600K, 12% used [0x0000000080000000,0x0000000085412c40,0x00000000a8a00000)
 Metaspace       used 142244K, capacity 153578K, committed 165672K, reserved 1191936K
  class space    used 18173K, capacity 20210K, committed 22320K, reserved 1048576K
Event: 5225.076 GC heap after
Heap after GC invocations=86 (full 6):
 PSYoungGen      total 582656K, used 12736K [0x00000000d5580000, 0x00000000ffc80000, 0x0000000100000000)
  eden space 473088K, 0% used [0x00000000d5580000,0x00000000d5580000,0x00000000f2380000)
  from space 109568K, 11% used [0x00000000f8e80000,0x00000000f9af0020,0x00000000ff980000)
  to   space 109568K, 0% used [0x00000000f2380000,0x00000000f2380000,0x00000000f8e80000)
 ParOldGen       total 665600K, used 88455K [0x0000000080000000, 0x00000000a8a00000, 0x00000000d5580000)
  object space 665600K, 13% used [0x0000000080000000,0x0000000085661d98,0x00000000a8a00000)
 Metaspace       used 142244K, capacity 153578K, committed 165672K, reserved 1191936K
  class space    used 18173K, capacity 20210K, committed 22320K, reserved 1048576K
}
Event: 5227.578 GC heap before
{Heap before GC invocations=87 (full 6):
 PSYoungGen      total 582656K, used 485824K [0x00000000d5580000, 0x00000000ffc80000, 0x0000000100000000)
  eden space 473088K, 100% used [0x00000000d5580000,0x00000000f2380000,0x00000000f2380000)
  from space 109568K, 11% used [0x00000000f8e80000,0x00000000f9af0020,0x00000000ff980000)
  to   space 109568K, 0% used [0x00000000f2380000,0x00000000f2380000,0x00000000f8e80000)
 ParOldGen       total 665600K, used 88455K [0x0000000080000000, 0x00000000a8a00000, 0x00000000d5580000)
  object space 665600K, 13% used [0x0000000080000000,0x0000000085661d98,0x00000000a8a00000)
 Metaspace       used 143135K, capacity 154486K, committed 165672K, reserved 1191936K
  class space    used 18272K, capacity 20320K, committed 22320K, reserved 1048576K
Event: 5227.609 GC heap after
Heap after GC invocations=87 (full 6):
 PSYoungGen      total 582656K, used 67993K [0x00000000d5580000, 0x0000000100000000, 0x0000000100000000)
  eden space 473088K, 0% used [0x00000000d5580000,0x00000000d5580000,0x00000000f2380000)
  from space 109568K, 62% used [0x00000000f2380000,0x00000000f65e67e8,0x00000000f8e80000)
  to   space 111616K, 0% used [0x00000000f9300000,0x00000000f9300000,0x0000000100000000)
 ParOldGen       total 665600K, used 89463K [0x0000000080000000, 0x00000000a8a00000, 0x00000000d5580000)
  object space 665600K, 13% used [0x0000000080000000,0x000000008575ddd8,0x00000000a8a00000)
 Metaspace       used 143135K, capacity 154486K, committed 165672K, reserved 1191936K
  class space    used 18272K, capacity 20320K, committed 22320K, reserved 1048576K
}

